<?xml version="1.0" encoding="UTF-8"?>
<!-- Generated by org.testng.reporters.JUnitReportReporter -->
<testsuite skipped="0" hostname="am-pc" name="extentreports.com.NewTest" tests="1" failures="0" timestamp="23 Nov 2017 07:47:00 GMT" time="4.275" errors="0">
  <testcase name="f" time="4.275" classname="extentreports.com.NewTest"/>
</testsuite> <!-- extentreports.com.NewTest -->
